0 info it worked if it ends with ok
1 verbose cli [ '/Users/luandrovieira/.nvm/versions/node/v7.5.0/bin/node',
1 verbose cli   '/Users/luandrovieira/.nvm/versions/node/v7.5.0/bin/npm',
1 verbose cli   'run',
1 verbose cli   'build' ]
2 info using npm@4.1.2
3 info using node@v7.5.0
4 verbose run-script [ 'prebuild', 'build', 'postbuild' ]
5 info lifecycle consultoriacg.com.br@2.0.0~prebuild: consultoriacg.com.br@2.0.0
6 silly lifecycle consultoriacg.com.br@2.0.0~prebuild: no script for prebuild, continuing
7 info lifecycle consultoriacg.com.br@2.0.0~build: consultoriacg.com.br@2.0.0
8 verbose lifecycle consultoriacg.com.br@2.0.0~build: unsafe-perm in lifecycle true
9 verbose lifecycle consultoriacg.com.br@2.0.0~build: PATH: /Users/luandrovieira/.nvm/versions/node/v7.5.0/lib/node_modules/npm/bin/node-gyp-bin:/Users/luandrovieira/Sites/consultoriacg.com.br/node_modules/.bin:/usr/local/sbin:/Users/luandrovieira/.nvm/versions/node/v7.5.0/bin:/usr/local/bin:/usr/bin:/bin:/usr/sbin:/sbin:/usr/local/git/bin
10 verbose lifecycle consultoriacg.com.br@2.0.0~build: CWD: /Users/luandrovieira/Sites/consultoriacg.com.br
11 silly lifecycle consultoriacg.com.br@2.0.0~build: Args: [ '-c', 'next build' ]
12 silly lifecycle consultoriacg.com.br@2.0.0~build: Returned: code: 1  signal: null
13 info lifecycle consultoriacg.com.br@2.0.0~build: Failed to exec build script
14 verbose stack Error: consultoriacg.com.br@2.0.0 build: `next build`
14 verbose stack Exit status 1
14 verbose stack     at EventEmitter.<anonymous> (/Users/luandrovieira/.nvm/versions/node/v7.5.0/lib/node_modules/npm/lib/utils/lifecycle.js:279:16)
14 verbose stack     at emitTwo (events.js:106:13)
14 verbose stack     at EventEmitter.emit (events.js:192:7)
14 verbose stack     at ChildProcess.<anonymous> (/Users/luandrovieira/.nvm/versions/node/v7.5.0/lib/node_modules/npm/lib/utils/spawn.js:40:14)
14 verbose stack     at emitTwo (events.js:106:13)
14 verbose stack     at ChildProcess.emit (events.js:192:7)
14 verbose stack     at maybeClose (internal/child_process.js:890:16)
14 verbose stack     at Process.ChildProcess._handle.onexit (internal/child_process.js:226:5)
15 verbose pkgid consultoriacg.com.br@2.0.0
16 verbose cwd /Users/luandrovieira/Sites/consultoriacg.com.br
17 error Darwin 16.4.0
18 error argv "/Users/luandrovieira/.nvm/versions/node/v7.5.0/bin/node" "/Users/luandrovieira/.nvm/versions/node/v7.5.0/bin/npm" "run" "build"
19 error node v7.5.0
20 error npm  v4.1.2
21 error code ELIFECYCLE
22 error consultoriacg.com.br@2.0.0 build: `next build`
22 error Exit status 1
23 error Failed at the consultoriacg.com.br@2.0.0 build script 'next build'.
23 error Make sure you have the latest version of node.js and npm installed.
23 error If you do, this is most likely a problem with the consultoriacg.com.br package,
23 error not with npm itself.
23 error Tell the author that this fails on your system:
23 error     next build
23 error You can get information on how to open an issue for this project with:
23 error     npm bugs consultoriacg.com.br
23 error Or if that isn't available, you can get their info via:
23 error     npm owner ls consultoriacg.com.br
23 error There is likely additional logging output above.
24 verbose exit [ 1, true ]
